make.exe --dry-run --always-make --keep-going --print-directory
make.exe: Entering directory `/e/code/neo/database/go-tsz'
echo ""
echo "go-tsz Makefile."
echo "GOPATH=/e/code/neo/database/go-tsz"
echo "The following commands are available:"
echo ""
echo "    make qa          : Run all the tests"
echo "    make test        : Run the unit tests"
echo ""
echo "    make format      : Format the source code"
echo "    make fmtcheck    : Check if the source code has been formatted"
echo "    make vet         : Check for suspicious constructs"
echo "    make lint        : Check for style errors"
echo "    make coverage    : Generate the coverage report"
echo "    make cyclo       : Generate the cyclomatic complexity report"
echo "    make ineffassign : Detect ineffectual assignments"
echo "    make misspell    : Detect commonly misspelled words in source files"
echo "    make structcheck : Find unused struct fields"
echo "    make varcheck    : Find unused global variables and constants"
echo "    make errcheck    : Check that error return values are used"
echo "    make gosimple    : Suggest code simplifications"
echo "    make astscan     : GO AST scanner"
echo ""
echo "    make docs        : Generate source code documentation"
echo ""
echo "    make deps        : Get the dependencies"
echo "    make clean       : Remove any build artifact"
echo "    make nuke        : Deletes any intermediate file"
echo ""
make.exe: Leaving directory `/e/code/neo/database/go-tsz'
 
