make.exe all --print-data-base --no-builtin-variables --no-builtin-rules --question
# GNU Make 3.81
# Copyright (C) 2006  Free Software Foundation, Inc.
# This is free software; see the source for copying conditions.
# There is NO warranty; not even for MERCHANTABILITY or FITNESS FOR A
# PARTICULAR PURPOSE.

# This program built for i686-pc-msys
 

# Make data base, printed on Sun Mar 27 10:39:32 2022

# Variables

# makefile (from `Makefile', line 34)
PKGNAME = ${VENDOR}-${PROJECT}
# automatic
<D = $(patsubst %/,%,$(dir $<))
# automatic
?F = $(notdir $?)
# makefile
MAKEFLAGS = Rrqp
# environment
VSCODE_LOG_NATIVE = false
# automatic
?D = $(patsubst %/,%,$(dir $?))
# automatic
@D = $(patsubst %/,%,$(dir $@))
# environment
HOMEDRIVE = C:
# automatic
@F = $(notdir $@)
# automatic
^D = $(patsubst %/,%,$(dir $^))
# makefile
CURDIR := /e/code/neo/database/go-tsz
# makefile (from `Makefile', line 16)
SHELL = /bin/bash
# environment
WINDIR = C:\WINDOWS
# environment
VSCODE_NLS_CONFIG = {"locale":"zh-cn","availableLanguages":{},"_languagePackSupport":true}
# environment
!E: = e:\code\neo\database\go-tsz
# environment
VBOX_MSI_INSTALL_PATH = C:\Program Files\Oracle\VirtualBox\
# environment
ONEDRIVE = C:\Users\neo\OneDrive
# environment
PATHEXT = .COM;.EXE;.BAT;.CMD;.VBS;.VBE;.JS;.JSE;.WSF;.WSH;.MSC
# makefile (from `Makefile', line 1)
MAKEFILE_LIST :=  Makefile
# environment
TMP = /tmp
# environment
VSCODE_AMD_ENTRYPOINT = vs/workbench/api/node/extensionHostProcess
# environment
VAGRANT_HOME = E:\developer\VirtualMachines\VagrantHome
# makefile (from `Makefile', line 31)
VERSION = $(shell cat VERSION)
# environment
VSCODE_VERBOSE_LOGGING = true
# makefile (from `Makefile', line 19)
CVSPATH = github.com/dgryski
# environment
PROGRAMW6432 = C:\Program Files
# environment
PROGRAMDATA = C:\ProgramData
# makefile (from `Makefile', line 37)
CURRENTDIR = $(shell pwd)
# environment
VSCODE_IPC_HOOK_EXTHOST = \\.\pipe\vscode-ipc-99401982-16bc-4324-a466-22e1b18fbc25-sock
# environment
VSCODE_CWD = E:\developer\Microsoft VS Code Insiders
# environment
GOPROXY = https://goproxy.cn
# environment
PATH = /c/Windows/system32:/c/Windows:/c/Windows/System32/Wbem:/c/Windows/System32/WindowsPowerShell/v1.0/:/c/Windows/System32/OpenSSH/:/c/Program Files (x86)/NVIDIA Corporation/PhysX/Common:/c/Program Files/NVIDIA Corporation/NVIDIA NvDLISR:/c/WINDOWS/system32:/c/WINDOWS:/c/WINDOWS/System32/Wbem:/c/WINDOWS/System32/WindowsPowerShell/v1.0/:/c/WINDOWS/System32/OpenSSH/:/e/developer/Env/Go/bin:/c/Program Files/Git/cmd:/c/HashiCorp/Vagrant/bin:/c/Program Files/Graphviz/bin:/mingw/bin:/usr/bin:/c/Users/neo/.cargo/bin:/c/Users/neo/AppData/Local/Microsoft/WindowsApps:.:/e/developer/Microsoft VS Code Insiders/bin:/c/Users/neo/go/bin
# environment
COMMONPROGRAMW6432 = C:\Program Files\Common Files
# environment
ZES_ENABLE_SYSMAN = 1
# environment
PROCESSOR_ARCHITECTURE = x86
# makefile (from `Makefile', line 28)
PROJECT = go-tsz
# makefile (from `Makefile', line 25)
VENDOR = dgryski
# environment
USERPROFILE = C:\Users\neo
# environment
ALLUSERSPROFILE = C:\ProgramData
# makefile (from `Makefile', line 48)
GOPATH = $(firstword $(subst /src/, ,$(CURRENTDIR)))
# environment
VSCODE_LOG_STACK = true
# environment
NUMBER_OF_PROCESSORS = 16
# environment
ELECTRON_RUN_AS_NODE = 1
# default
.FEATURES := target-specific order-only second-expansion else-if archives jobserver check-symlink
# automatic
%F = $(notdir $%)
# environment
CHROME_CRASHPAD_PIPE_NAME = \\.\pipe\crashpad_8504_RJKGTAJUPKOKDJUQ
# environment
VSCODE_PIPE_LOGGING = true
# environment
COMPUTERNAME = THEMATRIX
# environment
PROGRAMFILES = C:\Program Files (x86)
# environment
DRIVERDATA = C:\Windows\System32\Drivers\DriverData
# environment
ORIGINAL_XDG_CURRENT_DESKTOP = undefined
# environment
USERNAME = neo
# environment
PUBLIC = C:\Users\Public
# environment
GOMODCACHE = C:\Users\neo\go\pkg\mod
# environment
VSCODE_CODE_CACHE_PATH = C:\Users\neo\AppData\Roaming\Code - Insiders\CachedData\c63ed49b4b164210301f4f8a09079aa4de53b870
# environment
APPLICATION_INSIGHTS_NO_DIAGNOSTIC_CHANNEL = 1
# environment
COMMONPROGRAMFILES = C:\Program Files (x86)\Common Files
# environment
LOGONSERVER = \\THEMATRIX
# environment
ONEDRIVECONSUMER = C:\Users\neo\OneDrive
# environment
VSCODE_HANDLES_UNCAUGHT_ERRORS = true
# environment
USERDOMAIN = THEMATRIX
# default
MAKE = $(MAKE_COMMAND)
# default
MAKECMDGOALS := all
# default
MAKE_VERSION := 3.81
# makefile
.DEFAULT_GOAL := help
# environment
PROGRAMFILES(X86) = C:\Program Files (x86)
# automatic
%D = $(patsubst %/,%,$(dir $%))
# makefile (from `Makefile', line 22)
OWNER = dgryski
# environment
LOCALAPPDATA = C:\Users\neo\AppData\Local
# environment
PSMODULEPATH = C:\Program Files\WindowsPowerShell\Modules;C:\WINDOWS\system32\WindowsPowerShell\v1.0\Modules
# default
MAKE_COMMAND := make.exe
# environment
PROCESSOR_ARCHITEW6432 = AMD64
# default
.VARIABLES := 
# automatic
*F = $(notdir $*)
# environment
PROCESSOR_IDENTIFIER = Intel64 Family 6 Model 141 Stepping 1, GenuineIntel
# environment
OS = Windows_NT
# environment
VSCODE_IPC_HOOK = \\.\pipe\456475bb8263fe4430ef4a9f189045a0-1.66.0-insider-main-sock
# environment
HOMEPATH = \
# environment
COMMONPROGRAMFILES(X86) = C:\Program Files (x86)\Common Files
# environment
PROMPT = $P$G
# environment
MFLAGS = -Rrqp
# automatic
*D = $(patsubst %/,%,$(dir $*))
# environment
SYSTEMROOT = C:\WINDOWS
# automatic
+D = $(patsubst %/,%,$(dir $+))
# automatic
+F = $(notdir $+)
# environment
APPDATA = C:\Users\neo\AppData\Roaming
# environment
TEMP = /tmp
# environment
COMSPEC = C:\WINDOWS\system32\cmd.exe
# default
MAKEFILES := 
# automatic
<F = $(notdir $<)
# environment
LC_ALL = C
# automatic
^F = $(notdir $^)
# default
SUFFIXES := 
# environment
SYSTEMDRIVE = C:
# environment
SESSIONNAME = Console
# environment
PROCESSOR_REVISION = 8d01
# default
.INCLUDE_DIRS = /usr/include /usr/include
# environment
MAKELEVEL := 0
# environment
LANG = C
# environment
PROCESSOR_LEVEL = 6
# environment
 
TERM = cygwin
# environment
VSCODE_PID = 8504
# environment
USERDOMAIN_ROAMINGPROFILE = THEMATRIX
# variable set hash-table stats:
# Load=103/1024=10%, Rehash=0, Collisions=10/144=7%

# Pattern-specific Variable Values

# No pattern-specific variable values.

# Directories

# . (device 10726, inode 2461131): 17 files, no impossibilities.

# 17 files, no impossibilities in 1 directories.

# Implicit Rules

# No implicit rules.

# Files

structcheck:
#  Phony target (prerequisite of .PHONY).
#  Implicit rule search has not been done.
#  File does not exist.
#  File has not been updated.
#  commands to execute (from `Makefile', line 146):
	@mkdir -p target/report
	GOPATH=$(GOPATH) structcheck -a ./  | tee target/report/structcheck.txt
	

all: help
#  Phony target (prerequisite of .PHONY).
#  Command-line target.
#  Implicit rule search has not been done.
#  File does not exist.
#  File has been updated.
#  Needs to be updated (-q is set).
# variable set hash-table stats:
# Load=0/32=0%, Rehash=0, Collisions=0/7=0%

.PHONY: help all test format fmtcheck vet lint coverage cyclo ineffassign misspell structcheck varcheck errcheck gosimple astscan qa deps clean nuke
#  Implicit rule search has not been done.
#  Modification time never checked.
#  File has not been updated.

deps:
#  Phony target (prerequisite of .PHONY).
#  Implicit rule search has not been done.
#  File does not exist.
#  File has not been updated.
#  commands to execute (from `Makefile', line 183):
	GOPATH=$(GOPATH) go get ./...
	GOPATH=$(GOPATH) go get github.com/golang/lint/golint
	GOPATH=$(GOPATH) go get github.com/jstemmer/go-junit-report
	GOPATH=$(GOPATH) go get github.com/axw/gocov/gocov
	GOPATH=$(GOPATH) go get github.com/fzipp/gocyclo
	GOPATH=$(GOPATH) go get github.com/gordonklaus/ineffassign
	GOPATH=$(GOPATH) go get github.com/client9/misspell/cmd/misspell
	GOPATH=$(GOPATH) go get github.com/opennota/check/cmd/structcheck
	GOPATH=$(GOPATH) go get github.com/opennota/check/cmd/varcheck
	GOPATH=$(GOPATH) go get github.com/kisielk/errcheck
	GOPATH=$(GOPATH) go get honnef.co/go/tools/cmd/gosimple
	GOPATH=$(GOPATH) go get github.com/GoASTScanner/gas
	

# Not a target:
.SUFFIXES:
#  Implicit rule search has not been done.
#  Modification time never checked.
#  File has not been updated.

format:
#  Phony target (prerequisite of .PHONY).
#  Implicit rule search has not been done.
#  File does not exist.
#  File has not been updated.
#  commands to execute (from `Makefile', line 107):
	@find . -type f -name "*.go" -exec gofmt -s -w {} \;
	

# Not a target:
Makefile:
#  Implicit rule search has been done.
#  Last modified 2022-03-27 10:19:21
#  File has been updated.
#  Successfully updated.
# variable set hash-table stats:
# Load=0/32=0%, Rehash=0, Collisions=0/0=0%

qa: fmtcheck test vet lint coverage cyclo ineffassign misspell structcheck varcheck errcheck gosimple astscan
#  Phony target (prerequisite of .PHONY).
#  Implicit rule search has not been done.
#  File does not exist.
#  File has not been updated.

test:
#  Phony target (prerequisite of .PHONY).
#  Implicit rule search has not been done.
#  File does not exist.
#  File has not been updated.
#  commands to execute (from `Makefile', line 90):
	@mkdir -p target/test
	@mkdir -p target/report
	GOPATH=$(GOPATH) \
	go test \
	-covermode=atomic \
	-bench=. \
	-race \
	-cpuprofile=target/report/cpu.out \
	-memprofile=target/report/mem.out \
	-mutexprofile=target/report/mutex.out \
	-coverprofile=target/report/coverage.out \
	-v . | \
	tee >(PATH=$(GOPATH)/bin:$(PATH) go-junit-report > target/test/report.xml); \
	test $${PIPESTATUS[0]} -eq 0
	

vet:
#  Phony target (prerequisite of .PHONY).
#  Implicit rule search has not been done.
#  File does not exist.
#  File has not been updated.
#  commands to execute (from `Makefile', line 117):
	GOPATH=$(GOPATH) go vet .
	

varcheck:
#  Phony target (prerequisite of .PHONY).
#  Implicit rule search has not been done.
#  File does not exist.
#  File has not been updated.
#  commands to execute (from `Makefile', line 151):
	@mkdir -p target/report
	GOPATH=$(GOPATH) varcheck -e ./  | tee target/report/varcheck.txt
	

help:
#  Phony target (prerequisite of .PHONY).
#  Implicit rule search has not been done.
#  Implicit/static pattern stem: `'
#  File does not exist.
#  File has been updated.
#  Needs to be updated (-q is set).
# automatic
# @ := help
# automatic
# % := 
# automatic
# * := 
# automatic
# + := 
# automatic
# | := 
# automatic
# < := 
# automatic
# ^ := 
# automatic
# ? := 
# variable set hash-table stats:
# Load=8/32=25%, Rehash=0, Collisions=1/15=7%
#  commands to execute (from `Makefile', line 55):
	@echo ""
	@echo "$(PROJECT) Makefile."
	@echo "GOPATH=$(GOPATH)"
	@echo "The following commands are available:"
	@echo ""
	@echo "    make qa          : Run all the tests"
	@echo "    make test        : Run the unit tests"
	@echo ""
	@echo "    make format      : Format the source code"
	@echo "    make fmtcheck    : Check if the source code has been formatted"
	@echo "    make vet         : Check for suspicious constructs"
	@echo "    make lint        : Check for style errors"
	@echo "    make coverage    : Generate the coverage report"
	@echo "    make cyclo       : Generate the cyclomatic complexity report"
	@echo "    make ineffassign : Detect ineffectual assignments"
	@echo "    make misspell    : Detect commonly misspelled words in source files"
	@echo "    make structcheck : Find unused struct fields"
	@echo "    make varcheck    : Find unused global variables and constants"
	@echo "    make errcheck    : Check that error return values are used"
	@echo "    make gosimple    : Suggest code simplifications"
	@echo "    make astscan     : GO AST scanner"
	@echo ""
	@echo "    make docs        : Generate source code documentation"
	@echo ""
	@echo "    make deps        : Get the dependencies"
	@echo "    make clean       : Remove any build artifact"
	@echo "    make nuke        : Deletes any intermediate file"
	@echo ""
	

fmtcheck:
#  Phony target (prerequisite of .PHONY).
#  Implicit rule search has not been done.
#  File does not exist.
#  File has not been updated.
#  commands to execute (from `Makefile', line 111):
	@mkdir -p target
	@find . -type f -name "*.go" -exec gofmt -s -d {} \; | tee target/format.diff
	@test ! -s target/format.diff || { echo "ERROR: the source code has not been formatted - please use 'make format' or 'gofmt'"; exit 1; }
	

cyclo:
#  Phony target (prerequisite of .PHONY).
#  Implicit rule search has not been done.
#  File does not exist.
#  File has not been updated.
#  commands to execute (from `Makefile', line 131):
	@mkdir -p target/report
	GOPATH=$(GOPATH) gocyclo -avg ./ | tee target/report/cyclo.txt ; test $${PIPESTATUS[0]} -eq 0
	

# Not a target:
.DEFAULT:
#  Implicit rule search has not been done.
#  Modification time never checked.
#  File has not been updated.

errcheck:
#  Phony target (prerequisite of .PHONY).
#  Implicit rule search has not been done.
#  File does not exist.
#  File has not been updated.
#  commands to execute (from `Makefile', line 156):
	@mkdir -p target/report
	GOPATH=$(GOPATH) errcheck ./  | tee target/report/errcheck.txt
	

astscan:
#  Phony target (prerequisite of .PHONY).
#  Implicit rule search has not been done.
#  File does not exist.
#  File has not been updated.
#  commands to execute (from `Makefile', line 166):
	@mkdir -p target/report
	GOPATH=$(GOPATH) gas .//*.go | tee target/report/astscan.txt
	

clean:
#  Phony target (prerequisite of .PHONY).
#  Implicit rule search has not been done.
#  File does not exist.
#  File has not been updated.
#  commands to execute (from `Makefile', line 198):
	GOPATH=$(GOPATH) go clean ./...
	

coverage:
#  Phony target (prerequisite of .PHONY).
#  Implicit rule search has not been done.
#  File does not exist.
#  File has not been updated.
#  commands to execute (from `Makefile', line 125):
	@mkdir -p target/report
	GOPATH=$(GOPATH) \
	go tool cover -html=target/report/coverage.out -o target/report/coverage.html
	

ineffassign:
#  Phony target (prerequisite of .PHONY).
#  Implicit rule search has not been done.
#  File does not exist.
#  File has not been updated.
#  commands to execute (from `Makefile', line 136):
	@mkdir -p target/report
	GOPATH=$(GOPATH) ineffassign ./ | tee target/report/ineffassign.txt ; test $${PIPESTATUS[0]} -eq 0
	

docs:
#  Implicit rule search has not been done.
#  Modification time never checked.
#  File has not been updated.
#  commands to execute (from `Makefile', line 171):
	@mkdir -p target/docs
	nohup sh -c 'GOPATH=$(GOPATH) godoc -http=127.0.0.1:6060' > target/godoc_server.log 2>&1 &
	wget --directory-prefix=target/docs/ --execute robots=off --retry-connrefused --recursive --no-parent --adjust-extension --page-requisites --convert-links http://127.0.0.1:6060/pkg/github.com/${VENDOR}/${PROJECT}/ ; kill -9 `lsof -ti :6060`
	@echo '<html><head><meta http-equiv="refresh" content="0;./127.0.0.1:6060/pkg/'${CVSPATH}'/'${PROJECT}'/index.html"/></head><a href="./127.0.0.1:6060/pkg/'${CVSPATH}'/'${PROJECT}'/index.html">'${PKGNAME}' Documentation ...</a></html>' > target/docs/index.html
	

lint:
#  Phony target (prerequisite of .PHONY).
#  Implicit rule search has not been done.
#  File does not exist.
#  File has not been updated.
#  commands to execute (from `Makefile', line 121):
	GOPATH=$(GOPATH) PATH=$(GOPATH)/bin:$(PATH) golint .
	

nuke:
#  Phony target (prerequisite of .PHONY).
#  Implicit rule search has not been done.
#  File does not exist.
#  File has not been updated.
#  commands to execute (from `Makefile', line 202):
	rm -rf ./target
	GOPATH=$(GOPATH) go clean -i ./...
	

misspell:
#  Phony target (prerequisite of .PHONY).
#  Implicit rule search has not been done.
#  File does not exist.
#  File has not been updated.
#  commands to execute (from `Makefile', line 141):
	@mkdir -p target/report
	GOPATH=$(GOPATH) misspell -error ./  | tee target/report/misspell.txt ; test $${PIPESTATUS[0]} -eq 0
	

gosimple:
#  Phony target (prerequisite of .PHONY).
#  Implicit rule search has not been done.
#  File does not exist.
#  File has not been updated.
#  commands to execute (from `Makefile', line 161):
	@mkdir -p target/report
	GOPATH=$(GOPATH) gosimple ./  | tee target/report/gosimple.txt
	

# files hash-table stats:
# Load=25/1024=2%, Rehash=0, Collisions=0/72=0%
# VPATH Search Paths

# No `vpath' search paths.

# No general (`VPATH' variable) search path.

# # of strings in strcache: 1
# # of strcache buffers: 1
# strcache size: total = 4096 / max = 4096 / min = 4096 / avg = 4096
# strcache free: total = 4087 / max = 4087 / min = 4087 / avg = 4087
 

# Finished Make data base on Sun Mar 27 10:39:32 2022

 
